games/android-game-2026-03-15/app/build/outputs/mapping/release/seeds.txt
com.chainreactor.game.ComposableSingletons$MainActivityKt$lambda-1$1
com.chainreactor.game.game.GameScreenKt$GameScreen$2
com.chainreactor.game.game.GameScreenKt$GameScreen$3$1
com.chainreactor.game.game.OrbType
com.chainreactor.game.game.Projectile
com.chainreactor.game.game.GameScreenKt
com.chainreactor.game.ComposableSingletons$MainActivityKt$lambda-1$1$1$1
com.chainreactor.game.game.GameState
com.chainreactor.game.R
com.chainreactor.game.game.MenuScreenKt$MenuScreen$1$1$1
com.chainreactor.game.R$string
com.chainreactor.game.game.Explosion
com.chainreactor.game.game.Star
com.chainreactor.game.game.GameRendererKt$WhenMappings
com.chainreactor.game.game.DemoOrb
com.chainreactor.game.game.GameScreenKt$GameScreen$3$1$1
com.chainreactor.game.MainActivity
com.chainreactor.game.game.ScorePopup
com.chainreactor.game.game.Orb
com.chainreactor.game.game.MenuScreenKt
com.chainreactor.game.game.GameScreenKt$GameScreen$5
com.chainreactor.game.game.GameScreenKt$GameScreen$2$1
com.chainreactor.game.ComposableSingletons$MainActivityKt
com.chainreactor.game.game.GameLogicKt$WhenMappings
com.chainreactor.game.game.MenuScreenKt$MenuScreen$2$1$1
com.chainreactor.game.game.MenuScreenKt$MenuScreen$4
com.chainreactor.game.game.Particle
com.chainreactor.game.ComposableSingletons$MainActivityKt$lambda-1$1$2$1
com.chainreactor.game.R$mipmap
com.chainreactor.game.game.GameScreenKt$GameScreen$1$1
com.chainreactor.game.R$drawable
com.chainreactor.game.game.MenuScreenKt$MenuScreen$3
com.chainreactor.game.R$style
com.chainreactor.game.game.MenuScreenKt$MenuScreen$1$1
com.chainreactor.game.game.GameLogicKt
com.chainreactor.game.R$color
com.chainreactor.game.game.GameScreenKt$GameScreen$4$1
com.chainreactor.game.game.GameScreenKt$GameScreen$3$1$1$WhenMappings
com.chainreactor.game.game.GameRendererKt
com.chainreactor.game.game.MenuScreenKt$MenuScreen$2$1
com.chainreactor.game.game.GamePhase
com.chainreactor.game.game.GameScreenKt$GameScreen$2$1: android.content.SharedPreferences $prefs
com.chainreactor.game.game.GameScreenKt$GameScreen$3$1: androidx.compose.runtime.MutableIntState $bestScore$delegate
com.chainreactor.game.game.ScorePopup: java.lang.String text
com.chainreactor.game.R$color: int orb_magenta
com.chainreactor.game.game.Explosion: float radius
com.chainreactor.game.game.OrbType: com.chainreactor.game.game.OrbType MEGA
com.chainreactor.game.R$color: int mega_purple
com.chainreactor.game.game.Explosion: int $stable
com.chainreactor.game.game.GameLogicKt$WhenMappings: int[] $EnumSwitchMapping$0
com.chainreactor.game.game.GameState: float timeScale
com.chainreactor.game.game.GameScreenKt$GameScreen$3$1$1$WhenMappings: int[] $EnumSwitchMapping$0
com.chainreactor.game.game.Explosion: float x
com.chainreactor.game.game.GamePhase: com.chainreactor.game.game.GamePhase ROUND_COMPLETE
com.chainreactor.game.game.GameState: int bestScore
com.chainreactor.game.R$color: int orb_orange
com.chainreactor.game.game.GameState: com.chainreactor.game.game.GamePhase phase
com.chainreactor.game.game.MenuScreenKt$MenuScreen$2$1: java.lang.Object L$0
com.chainreactor.game.game.Orb: float vx
com.chainreactor.game.game.Explosion: float y
com.chainreactor.game.R$color: int space_blue
com.chainreactor.game.MainActivity: int $stable
com.chainreactor.game.game.GameState: java.util.List stars
com.chainreactor.game.game.MenuScreenKt$MenuScreen$1$1: int label
com.chainreactor.game.game.GameLogicKt: long freezeColor
com.chainreactor.game.game.GameScreenKt$GameScreen$2: androidx.compose.runtime.MutableIntState $bestScore$delegate
com.chainreactor.game.game.OrbType: com.chainreactor.game.game.OrbType FREEZE
com.chainreactor.game.ComposableSingletons$MainActivityKt: kotlin.jvm.functions.Function2 lambda-1
com.chainreactor.game.R$color: int orb_cyan
com.chainreactor.game.game.GameState: int orbsDetonated
com.chainreactor.game.game.GameLogicKt: long goldenColor
com.chainreactor.game.game.GameLogicKt: long splitterColor
com.chainreactor.game.game.Star: float twinklePhase
...
androidx.compose.runtime.external.kotlinx.collections.immutable.implementations.immutableSet.PersistentHashSetMutableIterator: int $stable
androidx.compose.foundation.BasicTooltip_androidKt$TooltipPopup$2$1$1: java.lang.String $tooltipDescription
androidx.compose.material3.tokens.OutlinedButtonTokens: androidx.compose.material3.tokens.ShapeKeyTokens ContainerShape
androidx.compose.ui.input.rotary.RotaryScrollEvent: long uptimeMillis
androidx.compose.material3.tokens.AssistChipTokens: float IconSize
androidx.compose.foundation.pager.PagerWrapperFlingBehavior$performFling$2$1: androidx.compose.foundation.pager.PagerWrapperFlingBehavior this$0
androidx.compose.material3.SnapFlingBehavior$animateSnap$1: java.lang.Object L$2
androidx.compose.foundation.lazy.grid.LazyGridDslKt$LazyHorizontalGrid$1: boolean $userScrollEnabled
androidx.compose.material3.NavigationRailKt$NavigationRailItem$styledLabel$1$1: kotlin.jvm.functions.Function2 $label
androidx.compose.foundation.text.LongPressTextDragObserverKt$detectDownAndDragGesturesWithObserver$2$2: androidx.compose.ui.input.pointer.PointerInputScope $this_detectDownAndDragGesturesWithObserver
androidx.compose.material.ripple.CommonRippleIndicationInstance: androidx.compose.runtime.State color
androidx.compose.material3.DateInputKt$DateInputTextField$4: androidx.compose.ui.Modifier $modifier
androidx.compose.material3.DatePickerKt$DateEntryContainer$3: kotlin.jvm.functions.Function2 $content
androidx.compose.material3.DateInputKt$DateInputTextField$errorText$1: androidx.compose.material3.DateInputKt$DateInputTextField$errorText$1 INSTANCE
androidx.compose.foundation.text.selection.MultiWidgetSelectionDelegate: long selectableId
androidx.compose.ui.text.style.TextOverflow: int Visible
androidx.compose.ui.window.ComposableSingletons$AndroidDialog_androidKt$lambda-1$1: androidx.compose.ui.window.ComposableSingletons$AndroidDialog_androidKt$lambda-1$1 INSTANCE
androidx.compose.material3.ListItemKt$ListItem$4: float $minHeight
androidx.compose.material3.NavigationDrawerKt$DrawerSheet$1: int $$dirty
androidx.compose.material3.SwipeToDismissKt$SwipeToDismiss$1: java.util.Set $directions
androidx.compose.ui.layout.BeyondBoundsLayout$LayoutDirection: int Right
androidx.compose.material3.TabRowKt$ScrollableTabRow$2$1: kotlin.jvm.functions.Function2 $divider
androidx.compose.foundation.text.TextFieldState: androidx.compose.ui.platform.SoftwareKeyboardController keyboardController
androidx.compose.ui.text.style.LineBreak$WordBreak: int value
androidx.compose.animation.core.AnimateAsStateKt$animateValueAsState$2: java.lang.Object $targetValue
androidx.compose.material3.tokens.SnackbarTokens: float ContainerElevation
androidx.compose.material3.tokens.NavigationDrawerTokens: androidx.compose.material3.tokens.ShapeKeyTokens ActiveIndicatorShape
androidx.compose.material3.OutlinedTextFieldKt$OutlinedTextField$5$2: int $$dirty
androidx.compose.foundation.gestures.AnchoredDraggableKt$restartable$2$1$emit$1: java.lang.Object result
androidx.compose.runtime.SlotTableKt: int Group_Fields_Size
androidx.compose.material3.tokens.SuggestionChipTokens: androidx.compose.material3.tokens.SuggestionChipTokens INSTANCE
androidx.compose.material3.tokens.InputChipTokens: androidx.compose.material3.tokens.ColorSchemeKeyTokens DisabledLabelTextColor
androidx.compose.material3.tokens.CheckboxTokens: androidx.compose.material3.tokens.ColorSchemeKeyTokens SelectedFocusIconColor
androidx.compose.foundation.lazy.grid.LazyGridDslKt$LazyVerticalGrid$1: androidx.compose.ui.Modifier $modifier
androidx.compose.foundation.draganddrop.DropTargetElement: kotlin.jvm.functions.Function1 shouldStartDragAndDrop
androidx.compose.ui.unit.fontscaling.FontScaleConverterFactory: java.lang.Object[] LOOKUP_TABLES_WRITE_LOCK
androidx.compose.ui.text.font.AsyncFontListLoader$load$1: java.lang.Object L$2
androidx.compose.animation.core.VectorConvertersKt$RectToVector$2: androidx.compose.animation.core.VectorConvertersKt$RectToVector$2 INSTANCE