games/android-game-2026-03-15/app/build/outputs/mapping/release/mapping.txt
# compiler: R8
# compiler_version: 8.2.47
# min_api: 24
# common_typos_disable
# {"id":"com.android.tools.r8.mapping","version":"2.2"}
# pg_map_id: 4ee3886
# pg_map_hash: SHA-256 4ee388668919a34d2dd79876181c0c303d9883e5016fc7f11e25f23730c456f4
com.chainreactor.game.ComposableSingletons$MainActivityKt -> com.chainreactor.game.ComposableSingletons$MainActivityKt:
# {"id":"sourceFile","fileName":"MainActivity.kt"}
    kotlin.jvm.functions.Function2 lambda-1 -> lambda-1
      # {"id":"com.android.tools.r8.residualsignature","signature":"Ls0/e;"}
    1:1:kotlin.jvm.functions.Function2 getLambda-1$app_release():0:0 -> getLambda-1$app_release
      # {"id":"com.android.tools.r8.residualsignature","signature":"()Ls0/e;"}
com.chainreactor.game.ComposableSingletons$MainActivityKt$lambda-1$1 -> com.chainreactor.game.ComposableSingletons$MainActivityKt$lambda-1$1:
# {"id":"sourceFile","fileName":"MainActivity.kt"}
    1:1:java.lang.Object invoke(java.lang.Object,java.lang.Object):0:0 -> invoke
    2:2:void invoke(androidx.compose.runtime.Composer,int):0:0 -> invoke
      # {"id":"com.android.tools.r8.outlineCallsite","positions":{"1":6,"4":7,"7":8},"outline":"Landroidx/activity/b;p(Landroidx/compose/runtime/Composer;II)Ljava/lang/Object;"}
    3:3:void invoke(androidx.compose.runtime.Composer,int):0:0 -> invoke
    4:4:void invoke(androidx.compose.runtime.Composer,int):0:0 -> invoke
    5:5:void invoke(androidx.compose.runtime.Composer,int):0:0 -> invoke
    6:6:void invoke(androidx.compose.runtime.Composer,int):0:0 -> invoke
    7:7:void invoke(androidx.compose.runtime.Composer,int):0:0 -> invoke
    8:8:void invoke(androidx.compose.runtime.Composer,int):0:0 -> invoke
com.chainreactor.game.ComposableSingletons$MainActivityKt$lambda-1$1$1$1 -> com.chainreactor.game.ComposableSingletons$MainActivityKt$lambda-1$1$1$1:
# {"id":"sourceFile","fileName":"MainActivity.kt"}
    1:1:java.lang.Object invoke():0:0 -> invoke
    2:2:void invoke():0:0 -> invoke
com.chainreactor.game.ComposableSingletons$MainActivityKt$lambda-1$1$2$1 -> com.chainreactor.game.ComposableSingletons$MainActivityKt$lambda-1$1$2$1:
# {"id":"sourceFile","fileName":"MainActivity.kt"}
    1:1:java.lang.Object invoke():0:0 -> invoke
    2:2:void invoke():0:0 -> invoke
com.chainreactor.game.MainActivity -> com.chainreactor.game.MainActivity:
# {"id":"sourceFile","fileName":"MainActivity.kt"}
    6:9:void androidx.activity.EdgeToEdge.enable$default(androidx.activity.ComponentActivity,androidx.activity.SystemBarStyle,androidx.activity.SystemBarStyle,int,java.lang.Object):0:0 -> onCreate
    6:9:void onCreate(android.os.Bundle):0 -> onCreate
    10:15:androidx.activity.SystemBarStyle androidx.activity.SystemBarStyle$Companion.auto(int,int,kotlin.jvm.functions.Function1):0:0 -> onCreate
    10:15:androidx.activity.SystemBarStyle androidx.activity.SystemBarStyle$Companion.auto$default(androidx.activity.SystemBarStyle$Companion,int,int,kotlin.jvm.functions.Function1,int,java.lang.Object):0 -> onCreate
    10:15:void androidx.activity.EdgeToEdge.enable$default(androidx.activity.ComponentActivity,androidx.activity.SystemBarStyle,androidx.activity.SystemBarStyle,int,java.lang.Object):0 -> onCreate
    10:15:void onCreate(android.os.Bundle):0 -> onCreate
    16:19:void androidx.activity.EdgeToEdge.enable$default(androidx.activity.ComponentActivity,androidx.activity.SystemBarStyle,androidx.activity.SystemBarStyle,int,java.lang.Object):0:0 -> onCreate
    16:19:void onCreate(android.os.Bundle):0 -> onCreate
    20:24:androidx.activity.SystemBarStyle androidx.activity.SystemBarStyle$Companion.auto(int,int,kotlin.jvm.functions.Function1):0:0 -> onCreate
...
androidx.compose.material3.ProgressIndicatorKt$LinearProgressIndicator$firstLineHead$1 -> androidx.compose.material3.ProgressIndicatorKt$LinearProgressIndicator$firstLineHead$1:
# {"id":"sourceFile","fileName":"ProgressIndicator.kt"}
    1:1:java.lang.Object invoke(java.lang.Object):0:0 -> invoke
    2:2:void invoke(androidx.compose.animation.core.KeyframesSpec$KeyframesSpecConfig):0:0 -> invoke
androidx.compose.material3.ProgressIndicatorKt$LinearProgressIndicator$firstLineTail$1 -> androidx.compose.material3.ProgressIndicatorKt$LinearProgressIndicator$firstLineTail$1:
# {"id":"sourceFile","fileName":"ProgressIndicator.kt"}
    1:1:java.lang.Object invoke(java.lang.Object):0:0 -> invoke
    2:2:void invoke(androidx.compose.animation.core.KeyframesSpec$KeyframesSpecConfig):0:0 -> invoke
androidx.compose.material3.ProgressIndicatorKt$LinearProgressIndicator$secondLineHead$1 -> androidx.compose.material3.ProgressIndicatorKt$LinearProgressIndicator$secondLineHead$1:
# {"id":"sourceFile","fileName":"ProgressIndicator.kt"}
    1:1:java.lang.Object invoke(java.lang.Object):0:0 -> invoke
    2:2:void invoke(androidx.compose.animation.core.KeyframesSpec$KeyframesSpecConfig):0:0 -> invoke
androidx.compose.material3.ProgressIndicatorKt$LinearProgressIndicator$secondLineTail$1 -> androidx.compose.material3.ProgressIndicatorKt$LinearProgressIndicator$secondLineTail$1:
# {"id":"sourceFile","fileName":"ProgressIndicator.kt"}
    1:1:java.lang.Object invoke(java.lang.Object):0:0 -> invoke
    2:2:void invoke(androidx.compose.animation.core.KeyframesSpec$KeyframesSpecConfig):0:0 -> invoke
androidx.compose.material3.RadioButtonColors -> androidx.compose.material3.RadioButtonColors:
# {"id":"sourceFile","fileName":"RadioButton.kt"}
    1:1:void <init>(long,long,long,long):0:0 -> <init>
    2:2:void <init>(long,long,long,long,kotlin.jvm.internal.DefaultConstructorMarker):0:0 -> <init>
      # {"id":"com.android.tools.r8.residualsignature","signature":"(JJJJLkotlin/jvm/internal/h;)V"}
    12:23:int hashCode():0:0 -> hashCode
      # {"id":"com.android.tools.r8.outlineCallsite","positions":{"1":30},"outline":"Landroidx/activity/b;d(JII)I"}
    24:29:int hashCode():0:0 -> hashCode
    30:30:int hashCode():0:0 -> hashCode
androidx.compose.material3.RadioButtonDefaults -> androidx.compose.material3.RadioButtonDefaults:
# {"id":"sourceFile","fileName":"RadioButton.kt"}
androidx.compose.material3.RadioButtonKt -> androidx.compose.material3.RadioButtonKt:
# {"id":"sourceFile","fileName":"RadioButton.kt"}
    1:1:void RadioButton(boolean,kotlin.jvm.functions.Function0,androidx.compose.ui.Modifier,boolean,androidx.compose.material3.RadioButtonColors,androidx.compose.foundation.interaction.MutableInteractionSource,androidx.compose.runtime.Composer,int,int):0:0 -> RadioButton
      # {"id":"com.android.tools.r8.residualsignature","signature":"(ZLs0/a;Landroidx/compose/ui/Modifier;ZLandroidx/compose/material3/RadioButtonColors;Landroidx/compose/foundation/interaction/MutableInteractionSource;Landroidx/compose/runtime/Composer;II)V"}
androidx.compose.material3.RadioButtonKt$RadioButton$2$1 -> androidx.compose.material3.RadioButtonKt$RadioButton$2$1:
# {"id":"sourceFile","fileName":"RadioButton.kt"}
    1:1:java.lang.Object invoke(java.lang.Object):0:0 -> invoke
    2:2:void invoke(androidx.compose.ui.graphics.drawscope.DrawScope):0:0 -> invoke