games/android-game-2026-03-15/app/build/outputs/mapping/release/usage.txt
com.chainreactor.game.MainActivity:
    static void <clinit>()
com.chainreactor.game.game.Explosion:
    static void <clinit>()
com.chainreactor.game.game.GameState:
    static void <clinit>()
com.chainreactor.game.game.Orb:
    static void <clinit>()
com.chainreactor.game.game.Particle:
    static void <clinit>()
com.chainreactor.game.game.Projectile:
    static void <clinit>()
com.chainreactor.game.game.ScorePopup:
    static void <clinit>()
com.chainreactor.game.game.Star:
    static void <clinit>()
...
androidx.activity.result.contract.ActivityResultContracts$StartActivityForResult
androidx.activity.result.contract.ActivityResultContracts$StartIntentSenderForResult$Companion
androidx.activity.result.contract.ActivityResultContracts$StartIntentSenderForResult
androidx.activity.result.contract.ActivityResultContracts$TakePicture
androidx.activity.result.contract.ActivityResultContracts$TakePicturePreview
androidx.activity.result.contract.ActivityResultContracts$TakeVideo
androidx.activity.result.contract.ActivityResultContracts
androidx.annotation.AnimRes
androidx.annotation.AnimatorRes
androidx.annotation.AnyRes
androidx.annotation.AnyThread
androidx.annotation.ArrayRes
androidx.annotation.AttrRes
androidx.annotation.BinderThread
androidx.annotation.BoolRes
androidx.annotation.CallSuper
androidx.annotation.CheckResult
androidx.annotation.ChecksSdkIntAtLeast
androidx.annotation.ColorInt
androidx.annotation.ColorLong
androidx.annotation.ColorRes
androidx.annotation.ContentView
androidx.annotation.DeprecatedSinceApi
androidx.annotation.DimenRes
androidx.annotation.Dimension$Companion
androidx.annotation.Dimension
androidx.annotation.Discouraged
androidx.annotation.DisplayContext
androidx.annotation.DoNotInline
androidx.annotation.DrawableRes
androidx.annotation.EmptySuper
androidx.annotation.FloatRange
androidx.annotation.FontRes
androidx.annotation.FractionRes
androidx.annotation.GravityInt
androidx.annotation.GuardedBy
androidx.annotation.HalfFloat
androidx.annotation.IdRes
androidx.annotation.InspectableProperty$EnumEntry
androidx.annotation.InspectableProperty$FlagEntry
androidx.annotation.InspectableProperty$ValueType
androidx.annotation.InspectableProperty
androidx.annotation.IntDef
androidx.annotation.IntRange
androidx.annotation.IntegerRes
androidx.annotation.InterpolatorRes
androidx.annotation.LayoutRes
androidx.annotation.LongDef
androidx.annotation.MainThread
androidx.annotation.MenuRes
androidx.annotation.NavigationRes
androidx.annotation.NonNull
androidx.annotation.NonUiContext
androidx.annotation.Nullable
androidx.annotation.OpenForTesting
androidx.annotation.OptIn
androidx.annotation.PluralsRes
androidx.annotation.Px
androidx.annotation.RawRes
androidx.annotation.RequiresApi
androidx.annotation.RequiresExtension$Container
androidx.annotation.RequiresExtension
androidx.annotation.RequiresFeature
androidx.annotation.RequiresOptIn$Level
androidx.annotation.RequiresOptIn
androidx.annotation.RequiresPermission$Read
androidx.annotation.RequiresPermission$Write
androidx.annotation.RequiresPermission
androidx.annotation.RestrictTo$Scope
androidx.annotation.RestrictTo
androidx.annotation.ReturnThis
androidx.annotation.Size
androidx.annotation.StringDef
androidx.annotation.StringRes
androidx.annotation.StyleRes
androidx.annotation.StyleableRes
androidx.annotation.TransitionRes
androidx.annotation.UiContext
androidx.annotation.UiThread
androidx.annotation.VisibleForTesting$Companion
androidx.annotation.VisibleForTesting
androidx.annotation.WorkerThread
androidx.annotation.XmlRes
androidx.annotation.experimental.Experimental$Level
androidx.annotation.experimental.Experimental
androidx.annotation.experimental.R
androidx.annotation.experimental.UseExperimental
androidx.arch.core.R
androidx.arch.core.executor.ArchTaskExecutor:
    public static java.util.concurrent.Executor getIOThreadExecutor()
    public static java.util.concurrent.Executor getMainThreadExecutor()
    public void setDelegate(androidx.arch.core.executor.TaskExecutor)
androidx.arch.core.executor.DefaultTaskExecutor$1:
    private static final java.lang.String THREAD_NAME_STEM
androidx.arch.core.executor.DefaultTaskExecutor$Api28Impl:
    private void <init>()
androidx.arch.core.executor.TaskExecutor:
    public void executeOnMainThread(java.lang.Runnable)
androidx.arch.core.util.Function
androidx.autofill.HintConstants
androidx.autofill.R$attr
androidx.autofill.R$color
androidx.autofill.R$dimen
androidx.autofill.R$drawable
androidx.autofill.R$id